
> hermes-mission-control@1.0.0 build
> next build

  ▲ Next.js 14.2.35
  - Environments: .env.local

   Creating an optimized production build ...
 ✓ Compiled successfully
   Linting and checking validity of types ...
   Collecting page data ...
   Generating static pages (0/31) ...
   Generating static pages (7/31) 
   Generating static pages (15/31) 
   Generating static pages (23/31) 
[hermesEndpoint] Discovered Hermes at http://16.59.57.121:9120 (task 6d285c58c147490f8ce306f75bcac0a8)
 ✓ Generating static pages (31/31)
   Finalizing page optimization ...
   Collecting build traces ...

Route (app)                              Size     First Load JS
┌ ○ /                                    4.65 kB         101 kB
├ ○ /_not-found                          873 B          88.3 kB
├ ○ /agents                              6.58 kB          94 kB
├ ƒ /api/agents                          0 B                0 B
├ ƒ /api/agents/[agentId]                0 B                0 B
├ ƒ /api/agents/seed                     0 B                0 B
├ ƒ /api/auth/[...nextauth]              0 B                0 B
├ ƒ /api/calendar                        0 B                0 B
├ ƒ /api/calendar/[id]                   0 B                0 B
├ ƒ /api/calendar/[id]/pause             0 B                0 B
├ ƒ /api/calendar/[id]/resume            0 B                0 B
├ ƒ /api/calendar/[id]/run               0 B                0 B
├ ƒ /api/calendar/sync                   0 B                0 B
├ ƒ /api/chat                            0 B                0 B
├ ƒ /api/chat/approve                    0 B                0 B
├ ƒ /api/chats                           0 B                0 B
├ ƒ /api/chats/[chatId]                  0 B                0 B
├ ƒ /api/ecs/logs                        0 B                0 B
├ ○ /api/ecs/metrics                     0 B                0 B
├ ○ /api/ecs/tasks                       0 B                0 B
├ ƒ /api/hermes/[...path]                0 B                0 B
├ ƒ /api/hermes/model                    0 B                0 B
├ ○ /api/hermes/ping                     0 B                0 B
├ ƒ /api/hermes/sync                     0 B                0 B
├ ƒ /api/hermes/update                   0 B                0 B
├ ƒ /api/kanban                          0 B                0 B
├ ƒ /api/kanban/[taskId]                 0 B                0 B
├ ƒ /api/kanban/[taskId]/comments        0 B                0 B
├ ƒ /api/kanban/boards                   0 B                0 B
├ ƒ /api/kanban/boards/[slug]            0 B                0 B
├ ƒ /api/kanban/events                   0 B                0 B
├ ƒ /api/memories                        0 B                0 B
├ ƒ /api/memories/[id]                   0 B                0 B
├ ƒ /api/terminal/execute                0 B                0 B
├ ○ /auth/error                          1.82 kB        89.3 kB
├ ○ /auth/signin                         11.6 kB          99 kB
├ ○ /calendar                            13.5 kB         105 kB
├ ○ /chat                                9.66 kB        97.1 kB
├ ƒ /kanban                              14.3 kB         102 kB
├ ○ /memory                              4.77 kB         101 kB
└ ○ /terminal                            11.4 kB        98.9 kB
+ First Load JS shared by all            87.4 kB
  ├ chunks/117-ba1889dfe9f2ca3d.js       31.7 kB
  ├ chunks/fd9d1056-0d19444e3e44d8fd.js  53.6 kB
  └ other shared chunks (total)          2.07 kB


ƒ Middleware                             26.7 kB

○  (Static)   prerendered as static content
ƒ  (Dynamic)  server-rendered on demand

